<?xml version="1.0" encoding="UTF-8"?>
<!-- Generated by org.testng.reporters.JUnitXMLReporter -->
<testsuite hostname="Andreis-MacBook-Pro.local" ignored="6" name="Test Groups" tests="2" failures="0" timestamp="2020-05-24T11:26:57 EDT" time="16.915" errors="0">
  <testcase name="addEmployee" time="9.019" classname="com.test.AddEmployeeTest"/>
  <testcase name="validAdminLogin" time="2.22" classname="com.test.LoginTest"/>
  <testcase name="invalidPassLogin" time="0.0" classname="com.test.LoginTest">
    <ignored/>
  </testcase> <!-- invalidPassLogin -->
  <testcase name="emptyPassword" time="0.0" classname="com.test.LoginTest">
    <ignored/>
  </testcase> <!-- emptyPassword -->
  <testcase name="addLoginCredetials" time="0.0" classname="com.test.AddEmployeeTest">
    <ignored/>
  </testcase> <!-- addLoginCredetials -->
  <testcase name="emptyame" time="0.0" classname="com.test.LoginTest">
    <ignored/>
  </testcase> <!-- emptyame -->
  <testcase name="emptyFields" time="0.0" classname="com.test.AddEmployeeTest">
    <ignored/>
  </testcase> <!-- emptyFields -->
  <testcase name="emptyUserName" time="0.0" classname="com.test.LoginTest">
    <ignored/>
  </testcase> <!-- emptyUserName -->
</testsuite> <!-- Test Groups -->
