<?xml version="1.0" encoding="UTF-8"?>
<!-- Generated by org.testng.reporters.JUnitXMLReporter -->
<testsuite hostname="Andreis-MacBook-Pro.local" ignored="0" name="HW5Employee" tests="5" failures="0" timestamp="2020-05-27T20:49:48 EDT" time="63.769" errors="0">
  <testcase name="add5Emp" time="10.169" classname="com.syntax.class03.HW"/>
  <testcase name="add5Emp" time="9.984" classname="com.syntax.class03.HW"/>
  <testcase name="add5Emp" time="10.658" classname="com.syntax.class03.HW"/>
  <testcase name="add5Emp" time="9.967" classname="com.syntax.class03.HW"/>
  <testcase name="add5Emp" time="10.225" classname="com.syntax.class03.HW"/>
</testsuite> <!-- HW5Employee -->
