<?xml version="1.0" encoding="UTF-8"?>
<!-- Generated by org.testng.reporters.JUnitXMLReporter -->
<testsuite hostname="Andreis-MBP.lan1" ignored="0" name="Test" tests="5" failures="0" timestamp="2020-05-23T15:01:00 EDT" time="22.058" errors="0">
  <testcase name="addEmployee" time="6.621" classname="com.test.AddEmployeeTest"/>
  <testcase name="validAdminLogin" time="2.212" classname="com.test.LoginTest"/>
  <testcase name="invalidPassLogin" time="1.048" classname="com.test.LoginTest"/>
  <testcase name="emptyPassword" time="0.231" classname="com.test.LoginTest"/>
  <testcase name="emptyUserName" time="0.205" classname="com.test.LoginTest"/>
</testsuite> <!-- Test -->
