<?xml version="1.0" encoding="UTF-8"?>
<!-- Generated by org.testng.reporters.JUnitXMLReporter -->
<testsuite hostname="Andreis-MBP.lan1" ignored="0" name="souce Test" tests="4" failures="0" timestamp="2020-05-28T21:46:34 EDT" time="20.542" errors="0">
  <testcase name="loginToSauceDemo" time="0.658" classname="com.syntax.review02.sauceDemoTest"/>
  <testcase name="loginToSauceDemo" time="0.445" classname="com.syntax.review02.sauceDemoTest"/>
  <testcase name="loginToSauceDemo" time="0.347" classname="com.syntax.review02.sauceDemoTest"/>
  <testcase name="loginToSauceDemo" time="5.703" classname="com.syntax.review02.sauceDemoTest"/>
</testsuite> <!-- souce Test -->
